Build started 25/01/2016 17:18:41.
     1>Project "C:\Users\Ludwig\Documents\GitHub\Spelprojekt-1\Spelprojekt-1\Spelprojekt 1\Spelprojekt 1\Spelprojekt 1.vcxproj" on node 2 (Build target(s)).
     1>ClCompile:
         C:\Program Files (x86)\Microsoft Visual Studio 12.0\VC\bin\CL.exe /c /I"C:\SFML-2.3.2\include" /Zi /nologo /W3 /WX- /sdl /O2 /Oi /Oy- /GL /D WIN32 /D NDEBUG /D _CONSOLE /D _LIB /D _UNICODE /D UNICODE /Gm- /EHsc /MD /GS /Gy /fp:precise /Zc:wchar_t /Zc:forScope /Fo"Release\\" /Fd"Release\vc120.pdb" /Gd /TP /analyze- /errorReport:prompt EventHandler.cpp Game.cpp Main.cpp Player.cpp ResourceHandler.cpp SceneHandler.cpp
         EventHandler.cpp
     1>EventHandler.cpp(30): warning C4244: 'argument' : conversion from 'int' to 'float', possible loss of data
         Game.cpp
         Main.cpp
         Player.cpp
         ResourceHandler.cpp
         SceneHandler.cpp
       Link:
         C:\Program Files (x86)\Microsoft Visual Studio 12.0\VC\bin\link.exe /ERRORREPORT:PROMPT /OUT:"C:\Users\Ludwig\Documents\GitHub\Spelprojekt-1\Spelprojekt-1\Spelprojekt 1\Release\Spelprojekt 1.exe" /INCREMENTAL:NO /NOLOGO /LIBPATH:"C:\SFML-2.3.2\lib" "sfml-graphics.lib" "sfml-window.lib" "sfml-system.lib" "sfml-audio.lib" "sfml-network.lib" kernel32.lib user32.lib gdi32.lib winspool.lib comdlg32.lib advapi32.lib shell32.lib ole32.lib oleaut32.lib uuid.lib odbc32.lib odbccp32.lib /MANIFEST /MANIFESTUAC:"level='asInvoker' uiAccess='false'" /manifest:embed /DEBUG /PDB:"C:\Users\Ludwig\Documents\GitHub\Spelprojekt-1\Spelprojekt-1\Spelprojekt 1\Release\Spelprojekt 1.pdb" /SUBSYSTEM:CONSOLE /OPT:REF /OPT:ICF /LTCG /TLBID:1 /DYNAMICBASE /NXCOMPAT /IMPLIB:"C:\Users\Ludwig\Documents\GitHub\Spelprojekt-1\Spelprojekt-1\Spelprojekt 1\Release\Spelprojekt 1.lib" /MACHINE:X86 /SAFESEH Release\EventHandler.obj
         Release\Game.obj
         Release\Main.obj
         Release\Player.obj
         Release\ResourceHandler.obj
         Release\SceneHandler.obj
         Generating code
         Finished generating code
         Spelprojekt 1.vcxproj -> C:\Users\Ludwig\Documents\GitHub\Spelprojekt-1\Spelprojekt-1\Spelprojekt 1\Release\Spelprojekt 1.exe
     1>Done Building Project "C:\Users\Ludwig\Documents\GitHub\Spelprojekt-1\Spelprojekt-1\Spelprojekt 1\Spelprojekt 1\Spelprojekt 1.vcxproj" (Build target(s)).

Build succeeded.

Time Elapsed 00:00:03.38
