Build started 26-Jan-16 15:36:33.
     1>Project "C:\Users\Mar\Documents\GitHub\Spelprojekt-1\Spelprojekt 1\Spelprojekt 1\Spelprojekt 1.vcxproj" on node 2 (Build target(s)).
     1>ClCompile:
         C:\Program Files (x86)\Microsoft Visual Studio 12.0\VC\bin\CL.exe /c /I"C:\SFML-2.3.2\include" /ZI /nologo /W3 /WX- /sdl /Od /Oy- /D WIN32 /D _DEBUG /D _CONSOLE /D _LIB /D _UNICODE /D UNICODE /Gm /EHsc /RTC1 /MDd /GS /fp:precise /Zc:wchar_t /Zc:forScope /Fo"Debug\\" /Fd"Debug\vc120.pdb" /Gd /TP /analyze- /errorReport:prompt EventHandler.cpp Game.cpp Main.cpp
         EventHandler.cpp
     1>c:\users\mar\documents\github\spelprojekt-1\spelprojekt 1\spelprojekt 1\eventhandler.cpp(30): warning C4244: 'argument' : conversion from 'int' to 'float', possible loss of data
         Generating Code...
         Compiling...
         Main.cpp
         Game.cpp
         Generating Code...
       Link:
         C:\Program Files (x86)\Microsoft Visual Studio 12.0\VC\bin\link.exe /ERRORREPORT:PROMPT /OUT:"C:\Users\Mar\Documents\GitHub\Spelprojekt-1\Spelprojekt 1\Debug\Spelprojekt 1.exe" /INCREMENTAL /NOLOGO /LIBPATH:"C:\SFML-2.3.2\lib" "sfml-graphics-d.lib" "sfml-window-d.lib" "sfml-system-d.lib" "sfml-audio-d.lib" "sfml-network-d.lib" kernel32.lib user32.lib gdi32.lib winspool.lib comdlg32.lib advapi32.lib shell32.lib ole32.lib oleaut32.lib uuid.lib odbc32.lib odbccp32.lib /MANIFEST /MANIFESTUAC:"level='asInvoker' uiAccess='false'" /manifest:embed /DEBUG /PDB:"C:\Users\Mar\Documents\GitHub\Spelprojekt-1\Spelprojekt 1\Debug\Spelprojekt 1.pdb" /SUBSYSTEM:CONSOLE /TLBID:1 /DYNAMICBASE /NXCOMPAT /IMPLIB:"C:\Users\Mar\Documents\GitHub\Spelprojekt-1\Spelprojekt 1\Debug\Spelprojekt 1.lib" /MACHINE:X86 Debug\EventHandler.obj
         Debug\Game.obj
         Debug\Main.obj
         Debug\Player.obj
         Debug\ResourceHandler.obj
         Debug\SceneHandler.obj
         Spelprojekt 1.vcxproj -> C:\Users\Mar\Documents\GitHub\Spelprojekt-1\Spelprojekt 1\Debug\Spelprojekt 1.exe
     1>Done Building Project "C:\Users\Mar\Documents\GitHub\Spelprojekt-1\Spelprojekt 1\Spelprojekt 1\Spelprojekt 1.vcxproj" (Build target(s)).

Build succeeded.

Time Elapsed 00:00:03.40
